{"F:\\study\\大学\\大三上\\软件工程（3）\\workspace\\homework2_extended_javascript_game\\js\\grid.js":{"path":"F:\\study\\大学\\大三上\\软件工程（3）\\workspace\\homework2_extended_javascript_game\\js\\grid.js","s":{"1":1,"2":1,"3":1,"4":1,"5":3,"6":3,"7":3,"8":3,"9":600,"10":600,"11":90000,"12":1,"13":1,"14":1,"15":1,"16":1,"17":1},"b":{},"f":{"1":3},"fnMap":{"1":{"name":"Grid","line":5,"loc":{"start":{"line":5,"column":0},"end":{"line":5,"column":29}}}},"statementMap":{"1":{"start":{"line":1,"column":0},"end":{"line":1,"column":13}},"2":{"start":{"line":2,"column":0},"end":{"line":2,"column":13}},"3":{"start":{"line":3,"column":0},"end":{"line":3,"column":14}},"4":{"start":{"line":5,"column":0},"end":{"line":15,"column":1}},"5":{"start":{"line":6,"column":1},"end":{"line":6,"column":20}},"6":{"start":{"line":7,"column":1},"end":{"line":7,"column":22}},"7":{"start":{"line":8,"column":1},"end":{"line":8,"column":30}},"8":{"start":{"line":9,"column":1},"end":{"line":14,"column":2}},"9":{"start":{"line":10,"column":2},"end":{"line":10,"column":35}},"10":{"start":{"line":11,"column":2},"end":{"line":13,"column":3}},"11":{"start":{"line":12,"column":3},"end":{"line":12,"column":26}},"12":{"start":{"line":17,"column":0},"end":{"line":17,"column":62}},"13":{"start":{"line":18,"column":0},"end":{"line":18,"column":37}},"14":{"start":{"line":20,"column":0},"end":{"line":20,"column":22}},"15":{"start":{"line":21,"column":0},"end":{"line":21,"column":27}},"16":{"start":{"line":22,"column":0},"end":{"line":22,"column":27}},"17":{"start":{"line":23,"column":0},"end":{"line":23,"column":27}}},"branchMap":{}},"F:\\study\\大学\\大三上\\软件工程（3）\\workspace\\homework2_extended_javascript_game\\js\\logic.js":{"path":"F:\\study\\大学\\大三上\\软件工程（3）\\workspace\\homework2_extended_javascript_game\\js\\logic.js","s":{"1":1,"2":1,"3":1,"4":1,"5":1,"6":1,"7":8,"8":8,"9":8,"10":8,"11":8,"12":1600,"13":240000,"14":240000,"15":120019,"16":120019,"17":119981,"18":8,"19":8,"20":1,"21":0,"22":0,"23":1,"24":1,"25":1,"26":1,"27":1,"28":200,"29":30000,"30":4,"31":4,"32":29996,"33":29996,"34":137,"35":29859,"36":17,"37":29842,"38":1,"39":200,"40":30000,"41":1,"42":30001,"43":30001,"44":30001,"45":30001,"46":30001,"47":142577,"48":142577,"49":142577,"50":1203,"51":141374,"52":119816,"53":141374,"54":29841,"55":160,"56":1,"57":0,"58":0,"59":1,"60":0,"61":1,"62":1,"63":1},"b":{"1":[120019,119981],"2":[8,0],"3":[8,8],"4":[4,29996],"5":[137,29859],"6":[17,29842],"7":[1203,141374],"8":[142577,142125,141673,141641],"9":[119816,21558],"10":[29841,111533]},"f":{"1":8,"2":0,"3":1,"4":30001,"5":0,"6":0,"7":0},"fnMap":{"1":{"name":"setRandomGrid","line":9,"loc":{"start":{"line":9,"column":0},"end":{"line":9,"column":40}}},"2":{"name":"update_color","line":31,"loc":{"start":{"line":31,"column":0},"end":{"line":31,"column":32}}},"3":{"name":"update","line":36,"loc":{"start":{"line":36,"column":0},"end":{"line":36,"column":25}}},"4":{"name":"get_neighbor_count","line":67,"loc":{"start":{"line":67,"column":0},"end":{"line":67,"column":44}}},"5":{"name":"start","line":88,"loc":{"start":{"line":88,"column":0},"end":{"line":88,"column":35}}},"6":{"name":"(anonymous_6)","line":89,"loc":{"start":{"line":89,"column":29},"end":{"line":89,"column":40}}},"7":{"name":"pause","line":94,"loc":{"start":{"line":94,"column":0},"end":{"line":94,"column":17}}}},"statementMap":{"1":{"start":{"line":1,"column":0},"end":{"line":1,"column":15}},"2":{"start":{"line":3,"column":0},"end":{"line":3,"column":32}},"3":{"start":{"line":4,"column":0},"end":{"line":4,"column":21}},"4":{"start":{"line":5,"column":0},"end":{"line":5,"column":21}},"5":{"start":{"line":6,"column":0},"end":{"line":6,"column":21}},"6":{"start":{"line":9,"column":0},"end":{"line":29,"column":1}},"7":{"start":{"line":10,"column":4},"end":{"line":10,"column":57}},"8":{"start":{"line":11,"column":4},"end":{"line":28,"column":5}},"9":{"start":{"line":12,"column":8},"end":{"line":12,"column":37}},"10":{"start":{"line":13,"column":8},"end":{"line":13,"column":25}},"11":{"start":{"line":14,"column":8},"end":{"line":24,"column":9}},"12":{"start":{"line":15,"column":12},"end":{"line":23,"column":13}},"13":{"start":{"line":16,"column":16},"end":{"line":16,"column":49}},"14":{"start":{"line":17,"column":16},"end":{"line":22,"column":17}},"15":{"start":{"line":18,"column":20},"end":{"line":18,"column":47}},"16":{"start":{"line":19,"column":20},"end":{"line":19,"column":31}},"17":{"start":{"line":21,"column":20},"end":{"line":21,"column":47}},"18":{"start":{"line":25,"column":8},"end":{"line":27,"column":9}},"19":{"start":{"line":26,"column":12},"end":{"line":26,"column":18}},"20":{"start":{"line":31,"column":0},"end":{"line":34,"column":1}},"21":{"start":{"line":32,"column":1},"end":{"line":32,"column":18}},"22":{"start":{"line":33,"column":1},"end":{"line":33,"column":13}},"23":{"start":{"line":36,"column":0},"end":{"line":65,"column":1}},"24":{"start":{"line":37,"column":4},"end":{"line":37,"column":57}},"25":{"start":{"line":38,"column":4},"end":{"line":38,"column":43}},"26":{"start":{"line":39,"column":4},"end":{"line":39,"column":30}},"27":{"start":{"line":40,"column":4},"end":{"line":58,"column":5}},"28":{"start":{"line":41,"column":8},"end":{"line":57,"column":9}},"29":{"start":{"line":42,"column":9},"end":{"line":45,"column":10}},"30":{"start":{"line":43,"column":10},"end":{"line":43,"column":36}},"31":{"start":{"line":44,"column":10},"end":{"line":44,"column":19}},"32":{"start":{"line":47,"column":12},"end":{"line":47,"column":67}},"33":{"start":{"line":48,"column":12},"end":{"line":56,"column":13}},"34":{"start":{"line":49,"column":16},"end":{"line":49,"column":43}},"35":{"start":{"line":51,"column":17},"end":{"line":56,"column":13}},"36":{"start":{"line":52,"column":16},"end":{"line":52,"column":58}},"37":{"start":{"line":55,"column":16},"end":{"line":55,"column":43}},"38":{"start":{"line":60,"column":4},"end":{"line":64,"column":5}},"39":{"start":{"line":61,"column":8},"end":{"line":63,"column":9}},"40":{"start":{"line":62,"column":12},"end":{"line":62,"column":54}},"41":{"start":{"line":67,"column":0},"end":{"line":86,"column":1}},"42":{"start":{"line":68,"column":4},"end":{"line":68,"column":57}},"43":{"start":{"line":69,"column":4},"end":{"line":69,"column":89}},"44":{"start":{"line":70,"column":4},"end":{"line":70,"column":31}},"45":{"start":{"line":71,"column":4},"end":{"line":71,"column":35}},"46":{"start":{"line":72,"column":4},"end":{"line":84,"column":5}},"47":{"start":{"line":73,"column":8},"end":{"line":73,"column":43}},"48":{"start":{"line":74,"column":8},"end":{"line":74,"column":43}},"49":{"start":{"line":75,"column":8},"end":{"line":77,"column":9}},"50":{"start":{"line":76,"column":12},"end":{"line":76,"column":21}},"51":{"start":{"line":78,"column":8},"end":{"line":80,"column":9}},"52":{"start":{"line":79,"column":12},"end":{"line":79,"column":33}},"53":{"start":{"line":81,"column":8},"end":{"line":83,"column":9}},"54":{"start":{"line":82,"column":9},"end":{"line":82,"column":18}},"55":{"start":{"line":85,"column":4},"end":{"line":85,"column":30}},"56":{"start":{"line":88,"column":0},"end":{"line":92,"column":1}},"57":{"start":{"line":89,"column":4},"end":{"line":91,"column":17}},"58":{"start":{"line":90,"column":8},"end":{"line":90,"column":30}},"59":{"start":{"line":94,"column":0},"end":{"line":96,"column":1}},"60":{"start":{"line":95,"column":4},"end":{"line":95,"column":37}},"61":{"start":{"line":98,"column":0},"end":{"line":98,"column":45}},"62":{"start":{"line":99,"column":0},"end":{"line":99,"column":55}},"63":{"start":{"line":100,"column":0},"end":{"line":100,"column":31}}},"branchMap":{"1":{"line":17,"type":"if","locations":[{"start":{"line":17,"column":16},"end":{"line":17,"column":16}},{"start":{"line":17,"column":16},"end":{"line":17,"column":16}}]},"2":{"line":25,"type":"if","locations":[{"start":{"line":25,"column":8},"end":{"line":25,"column":8}},{"start":{"line":25,"column":8},"end":{"line":25,"column":8}}]},"3":{"line":25,"type":"binary-expr","locations":[{"start":{"line":25,"column":12},"end":{"line":25,"column":49}},{"start":{"line":25,"column":53},"end":{"line":25,"column":90}}]},"4":{"line":42,"type":"if","locations":[{"start":{"line":42,"column":9},"end":{"line":42,"column":9}},{"start":{"line":42,"column":9},"end":{"line":42,"column":9}}]},"5":{"line":48,"type":"if","locations":[{"start":{"line":48,"column":12},"end":{"line":48,"column":12}},{"start":{"line":48,"column":12},"end":{"line":48,"column":12}}]},"6":{"line":51,"type":"if","locations":[{"start":{"line":51,"column":17},"end":{"line":51,"column":17}},{"start":{"line":51,"column":17},"end":{"line":51,"column":17}}]},"7":{"line":75,"type":"if","locations":[{"start":{"line":75,"column":8},"end":{"line":75,"column":8}},{"start":{"line":75,"column":8},"end":{"line":75,"column":8}}]},"8":{"line":75,"type":"binary-expr","locations":[{"start":{"line":75,"column":11},"end":{"line":75,"column":27}},{"start":{"line":75,"column":31},"end":{"line":75,"column":52}},{"start":{"line":75,"column":56},"end":{"line":75,"column":72}},{"start":{"line":75,"column":76},"end":{"line":75,"column":98}}]},"9":{"line":78,"type":"if","locations":[{"start":{"line":78,"column":8},"end":{"line":78,"column":8}},{"start":{"line":78,"column":8},"end":{"line":78,"column":8}}]},"10":{"line":81,"type":"if","locations":[{"start":{"line":81,"column":8},"end":{"line":81,"column":8}},{"start":{"line":81,"column":8},"end":{"line":81,"column":8}}]}}}}