TN:
SF:F:\study\大学\大三上\软件工程（3）\workspace\homework2_extended_javascript_game\js\grid.js
FN:5,Grid
FNF:1
FNH:1
FNDA:3,Grid
DA:1,1
DA:2,1
DA:3,1
DA:5,1
DA:6,3
DA:7,3
DA:8,3
DA:9,3
DA:10,600
DA:11,600
DA:12,90000
DA:17,1
DA:18,1
DA:20,1
DA:21,1
DA:22,1
DA:23,1
LF:17
LH:17
BRF:0
BRH:0
end_of_record
TN:
SF:F:\study\大学\大三上\软件工程（3）\workspace\homework2_extended_javascript_game\js\logic.js
FN:9,setRandomGrid
FN:31,update_color
FN:36,update
FN:67,get_neighbor_count
FN:88,start
FN:89,(anonymous_6)
FN:94,pause
FNF:7
FNH:3
FNDA:8,setRandomGrid
FNDA:0,update_color
FNDA:1,update
FNDA:30001,get_neighbor_count
FNDA:0,start
FNDA:0,(anonymous_6)
FNDA:0,pause
DA:1,1
DA:3,1
DA:4,1
DA:5,1
DA:6,1
DA:9,1
DA:10,8
DA:11,8
DA:12,8
DA:13,8
DA:14,8
DA:15,1600
DA:16,240000
DA:17,240000
DA:18,120019
DA:19,120019
DA:21,119981
DA:25,8
DA:26,8
DA:31,1
DA:32,0
DA:33,0
DA:36,1
DA:37,1
DA:38,1
DA:39,1
DA:40,1
DA:41,200
DA:42,30000
DA:43,4
DA:44,4
DA:47,29996
DA:48,29996
DA:49,137
DA:51,29859
DA:52,17
DA:55,29842
DA:60,1
DA:61,200
DA:62,30000
DA:67,1
DA:68,30001
DA:69,30001
DA:70,30001
DA:71,30001
DA:72,30001
DA:73,142577
DA:74,142577
DA:75,142577
DA:76,1203
DA:78,141374
DA:79,119816
DA:81,141374
DA:82,29841
DA:85,160
DA:88,1
DA:89,0
DA:90,0
DA:94,1
DA:95,0
DA:98,1
DA:99,1
DA:100,1
LF:63
LH:58
BRDA:17,1,0,120019
BRDA:17,1,1,119981
BRDA:25,2,0,8
BRDA:25,2,1,0
BRDA:25,3,0,8
BRDA:25,3,1,8
BRDA:42,4,0,4
BRDA:42,4,1,29996
BRDA:48,5,0,137
BRDA:48,5,1,29859
BRDA:51,6,0,17
BRDA:51,6,1,29842
BRDA:75,7,0,1203
BRDA:75,7,1,141374
BRDA:75,8,0,142577
BRDA:75,8,1,142125
BRDA:75,8,2,141673
BRDA:75,8,3,141641
BRDA:78,9,0,119816
BRDA:78,9,1,21558
BRDA:81,10,0,29841
BRDA:81,10,1,111533
BRF:22
BRH:21
end_of_record
